--progress is a global compose flag, better use `docker compose --progress xx build ...
time="2026-02-16T10:00:05-05:00" level=warning msg="D:\\CocinaCompartida\\cocina-compartida\\docker-compose.yml: the attribute `version` is obsolete, it will be ignored, please remove it to avoid potential confusion"
 Image cocina-compartida:latest Building 
#1 [internal] load local bake definitions
#1 reading from stdin 566B 0.0s done
#1 DONE 0.0s

#2 [internal] load build definition from Dockerfile
#2 transferring dockerfile: 704B done
#2 DONE 0.0s

#3 [internal] load metadata for docker.io/library/node:20-alpine
#3 ...

#4 [internal] load metadata for docker.io/library/nginx:stable-alpine
#4 DONE 1.2s

#3 [internal] load metadata for docker.io/library/node:20-alpine
#3 DONE 3.2s

#5 [internal] load .dockerignore
#5 transferring context: 2B done
#5 DONE 0.0s

#6 [production 1/3] FROM docker.io/library/nginx:stable-alpine@sha256:15e96e59aa3b0aada3a121296e3bce117721f42d88f5f64217ef4b18f458c6ab
#6 resolve docker.io/library/nginx:stable-alpine@sha256:15e96e59aa3b0aada3a121296e3bce117721f42d88f5f64217ef4b18f458c6ab 0.0s done
#6 CACHED

#7 [build 1/6] FROM docker.io/library/node:20-alpine@sha256:09e2b3d9726018aecf269bd35325f46bf75046a643a66d28360ec71132750ec8
#7 resolve docker.io/library/node:20-alpine@sha256:09e2b3d9726018aecf269bd35325f46bf75046a643a66d28360ec71132750ec8 0.0s done
#7 sha256:e31b2016552274339ed88ed4a438d78bf37e0f6bdf328d02207b2a598c1ef86d 0B / 445B 0.3s
#7 sha256:eb87f4721c91769ed5206f34a9ab6ec98fc1d5235c12c2fc956665b1155e9ecb 0B / 1.26MB 0.2s
#7 sha256:ad6d96c196e3198e14ea37df8bba4f54bf92fb525eb65e49fa4027c7dee13f80 0B / 42.78MB 0.2s
#7 ...

#8 [internal] load build context
#8 transferring context: 1.70MB 0.9s done
#8 DONE 1.0s

#7 [build 1/6] FROM docker.io/library/node:20-alpine@sha256:09e2b3d9726018aecf269bd35325f46bf75046a643a66d28360ec71132750ec8
#7 sha256:e31b2016552274339ed88ed4a438d78bf37e0f6bdf328d02207b2a598c1ef86d 445B / 445B 2.3s done
#7 sha256:eb87f4721c91769ed5206f34a9ab6ec98fc1d5235c12c2fc956665b1155e9ecb 1.05MB / 1.26MB 2.4s
#7 sha256:eb87f4721c91769ed5206f34a9ab6ec98fc1d5235c12c2fc956665b1155e9ecb 1.26MB / 1.26MB 2.4s done
#7 sha256:ad6d96c196e3198e14ea37df8bba4f54bf92fb525eb65e49fa4027c7dee13f80 3.15MB / 42.78MB 5.0s
#7 sha256:ad6d96c196e3198e14ea37df8bba4f54bf92fb525eb65e49fa4027c7dee13f80 6.29MB / 42.78MB 8.9s
#7 sha256:ad6d96c196e3198e14ea37df8bba4f54bf92fb525eb65e49fa4027c7dee13f80 9.44MB / 42.78MB 13.2s
#7 sha256:ad6d96c196e3198e14ea37df8bba4f54bf92fb525eb65e49fa4027c7dee13f80 12.58MB / 42.78MB 17.1s
#7 sha256:ad6d96c196e3198e14ea37df8bba4f54bf92fb525eb65e49fa4027c7dee13f80 15.73MB / 42.78MB 20.9s
#7 sha256:ad6d96c196e3198e14ea37df8bba4f54bf92fb525eb65e49fa4027c7dee13f80 18.87MB / 42.78MB 24.9s
#7 sha256:ad6d96c196e3198e14ea37df8bba4f54bf92fb525eb65e49fa4027c7dee13f80 22.02MB / 42.78MB 28.8s
#7 sha256:ad6d96c196e3198e14ea37df8bba4f54bf92fb525eb65e49fa4027c7dee13f80 25.17MB / 42.78MB 32.9s
#7 sha256:ad6d96c196e3198e14ea37df8bba4f54bf92fb525eb65e49fa4027c7dee13f80 28.31MB / 42.78MB 36.6s
#7 sha256:ad6d96c196e3198e14ea37df8bba4f54bf92fb525eb65e49fa4027c7dee13f80 31.46MB / 42.78MB 40.8s
#7 sha256:ad6d96c196e3198e14ea37df8bba4f54bf92fb525eb65e49fa4027c7dee13f80 34.60MB / 42.78MB 44.7s
#7 sha256:ad6d96c196e3198e14ea37df8bba4f54bf92fb525eb65e49fa4027c7dee13f80 37.75MB / 42.78MB 48.6s
#7 sha256:ad6d96c196e3198e14ea37df8bba4f54bf92fb525eb65e49fa4027c7dee13f80 40.89MB / 42.78MB 52.4s
#7 sha256:ad6d96c196e3198e14ea37df8bba4f54bf92fb525eb65e49fa4027c7dee13f80 42.78MB / 42.78MB 54.7s done
#7 extracting sha256:ad6d96c196e3198e14ea37df8bba4f54bf92fb525eb65e49fa4027c7dee13f80
#7 extracting sha256:ad6d96c196e3198e14ea37df8bba4f54bf92fb525eb65e49fa4027c7dee13f80 4.0s done
#7 DONE 59.0s

#7 [build 1/6] FROM docker.io/library/node:20-alpine@sha256:09e2b3d9726018aecf269bd35325f46bf75046a643a66d28360ec71132750ec8
#7 extracting sha256:eb87f4721c91769ed5206f34a9ab6ec98fc1d5235c12c2fc956665b1155e9ecb
#7 extracting sha256:eb87f4721c91769ed5206f34a9ab6ec98fc1d5235c12c2fc956665b1155e9ecb 0.2s done
#7 DONE 59.1s

#7 [build 1/6] FROM docker.io/library/node:20-alpine@sha256:09e2b3d9726018aecf269bd35325f46bf75046a643a66d28360ec71132750ec8
#7 extracting sha256:e31b2016552274339ed88ed4a438d78bf37e0f6bdf328d02207b2a598c1ef86d 0.0s done
#7 DONE 59.1s

#9 [build 2/6] WORKDIR /app
#9 DONE 0.4s

#10 [build 3/6] COPY package.json package-lock.json* ./
#10 DONE 0.2s

#11 [build 4/6] RUN npm ci --silent
#11 DONE 19.3s

#12 [build 5/6] COPY . .
#12 DONE 20.5s

#13 [build 6/6] RUN npm run build -- --configuration=production
#13 0.747 
#13 0.747 > cocina-compartida@0.0.0 build
#13 0.747 > ng build --configuration=production
#13 0.747 
#13 1.361 [baseline-browser-mapping] The data in this module is over two months old.  To ensure accurate Baseline data, please update: `npm i baseline-browser-mapping@latest -D`
#13 1.558 ❯ Building...
#13 5.330 [baseline-browser-mapping] The data in this module is over two months old.  To ensure accurate Baseline data, please update: `npm i baseline-browser-mapping@latest -D`
#13 5.620 [baseline-browser-mapping] The data in this module is over two months old.  To ensure accurate Baseline data, please update: `npm i baseline-browser-mapping@latest -D`
#13 5.621 [baseline-browser-mapping] The data in this module is over two months old.  To ensure accurate Baseline data, please update: `npm i baseline-browser-mapping@latest -D`
#13 5.667 [baseline-browser-mapping] The data in this module is over two months old.  To ensure accurate Baseline data, please update: `npm i baseline-browser-mapping@latest -D`
#13 8.413 ✔ Building...
#13 8.413 Initial chunk files   | Names         |  Raw size | Estimated transfer size
#13 8.413 main-FVSG2NOU.js      | main          | 409.06 kB |               100.47 kB
#13 8.413 polyfills-5CFQRCPP.js | polyfills     |  34.59 kB |                11.33 kB
#13 8.413 styles-P2B5PQUP.css   | styles        |   1.78 kB |               569 bytes
#13 8.413 
#13 8.413                       | Initial total | 445.43 kB |               112.38 kB
#13 8.413 
#13 8.413 Application bundle generation complete. [6.854 seconds] - 2026-02-16T15:01:57.235Z
#13 8.413 
#13 8.415 ▲ [WARNING] Module 'sweetalert2' used by 'src/app/features/pages/login/login.ts' is not ESM
#13 8.415 
#13 8.415   CommonJS or AMD dependencies can cause optimization bailouts.
#13 8.415   For more information see: https://angular.dev/tools/cli/build#configuring-commonjs-dependencies
#13 8.415 
#13 8.415 
#13 8.416 Output location: /app/dist/cocina-compartida
#13 8.416 
#13 DONE 8.9s

#14 [production 2/3] COPY --from=build /app/dist/cocina-compartida /usr/share/nginx/html
#14 DONE 0.2s

#15 [production 3/3] COPY nginx.conf /etc/nginx/conf.d/default.conf
#15 DONE 0.1s

#16 exporting to image
#16 exporting layers
#16 exporting layers 0.9s done
#16 exporting manifest sha256:3a755be07f30b7a74ba4d1cba98d11b8e655551783b103a2d0c89b6d403e145d 0.0s done
#16 exporting config sha256:adcfcbd031769dbe7c2a77aae6379b5ac2a019eece08a9e56b947c4780f38a6e 0.0s done
#16 exporting attestation manifest sha256:6d548c95e69652b3ea69a585972006e954aebb06fda022b3bf6fa30843eb88ac 0.0s done
#16 exporting manifest list sha256:80ed50807535c40e598bf365ef252f8f8f51fc2c921af2eaae8a8a19b32feada
#16 exporting manifest list sha256:80ed50807535c40e598bf365ef252f8f8f51fc2c921af2eaae8a8a19b32feada 0.0s done
#16 naming to docker.io/library/cocina-compartida:latest done
#16 unpacking to docker.io/library/cocina-compartida:latest 0.1s done
#16 DONE 1.2s

#17 resolving provenance for metadata file
#17 DONE 0.0s
 Image cocina-compartida:latest Built 
